{"level":"info","message":"GET /"}
{"level":"info","message":"GET /api/v1/students"}
{"level":"info","message":"GET /style.css"}
{"level":"info","message":"GET /api/v1/students"}
{"level":"info","message":"POST /api/v1/students"}
{"level":"info","message":"GET /api/v1/students"}
{"level":"info","message":"GET /style.css"}
{"level":"info","message":"GET /api/v1/students"}
{"level":"info","message":"POST /api/v1/students"}
{"level":"info","message":"GET /api/v1/students"}
{"level":"info","message":"GET /api/v1/students"}
{"level":"info","message":"POST /api/v1/students"}
{"level":"info","message":"GET /api/v1/students"}
{"level":"info","message":"GET /api/v1/students"}
{"level":"info","message":"POST /api/v1/students"}
{"level":"info","message":"GET /api/v1/students"}
{"level":"info","message":"POST /api/v1/students?name=tejas&email=work.tejasydurge@gmail.com&age=22"}
{"level":"info","message":"POST /api/v1/students?name=tejas&age=22&class=5"}
{"level":"info","message":"POST /api/v1/students?name=tejas&age=22&class=5"}
{"level":"info","message":"POST /api/v1/students?name=%22tejas%22&age=22&class=%225%22"}
{"level":"info","message":"POST /api/v1/students?name=%22tejas%22&age=22&class=%225%22"}
{"level":"info","message":"GET /api/v1/students"}
{"level":"info","message":"DELETE /api/v1/students/67839ba38e97bbb24e996b69"}
{"level":"info","message":"GET /api/v1/students"}
{"level":"info","message":"GET /api/v1/students"}
{"level":"info","message":"GET /api/v1/students"}
{"level":"info","message":"GET /api/v1/students"}
{"level":"info","message":"GET /api/v1/students/67839c2b41d8cb27e4ad8550"}
{"level":"info","message":"PUT /api/v1/students/67839c2b41d8cb27e4ad8550"}
{"level":"info","message":"GET /api/v1/students"}
{"level":"info","message":"GET /api/v1/students/67839c2b41d8cb27e4ad8550"}
{"level":"info","message":"PUT /api/v1/students/67839c2b41d8cb27e4ad8550"}
{"level":"info","message":"GET /api/v1/students"}
{"level":"info","message":"GET /api/v1/students"}
{"level":"info","message":"GET /api/v1/students/67839c2b41d8cb27e4ad8550"}
{"level":"info","message":"PUT /api/v1/students/67839c2b41d8cb27e4ad8550"}
{"level":"info","message":"GET /api/v1/students"}
{"level":"info","message":"GET /api/v1/students"}
{"level":"info","message":"GET /api/v1/students/67839c2b41d8cb27e4ad8550"}
{"level":"info","message":"PUT /api/v1/students/67839c2b41d8cb27e4ad8550"}
{"level":"info","message":"GET /api/v1/students"}
{"level":"info","message":"PUT /api/v1/students/67839c2b41d8cb27e4ad8550"}
{"level":"info","message":"GET /api/v1/students"}
{"level":"info","message":"PUT /api/v1/students/67839c2b41d8cb27e4ad8550"}
{"level":"info","message":"GET /api/v1/students"}
{"level":"info","message":"GET /api/v1/students"}
{"level":"info","message":"GET /api/v1/students/6783a73f03e9e53f71e7b831"}
{"level":"info","message":"PUT /api/v1/students/6783a73f03e9e53f71e7b831"}
{"level":"info","message":"GET /api/v1/students"}
{"level":"info","message":"GET /api/v1/students"}
{"level":"info","message":"PUT /api/v1/students"}
{"level":"info","message":"GET /api/v1/students"}
{"level":"info","message":"GET /api/v1/students/6783a73f03e9e53f71e7b831"}
{"level":"info","message":"PUT /api/v1/students/6783a73f03e9e53f71e7b831"}
{"level":"info","message":"GET /api/v1/students"}
{"level":"info","message":"GET /api/v1/students/6783a73f03e9e53f71e7b831"}
{"level":"info","message":"PUT /api/v1/students/6783a73f03e9e53f71e7b831"}
{"level":"info","message":"GET /api/v1/students"}
{"level":"info","message":"GET /api/v1/students/6783a73f03e9e53f71e7b831"}
{"level":"info","message":"PUT /api/v1/students/6783a73f03e9e53f71e7b831"}
{"level":"info","message":"GET /api/v1/students"}
{"level":"info","message":"GET /api/v1/students/6783a73f03e9e53f71e7b831"}
{"level":"info","message":"PUT /api/v1/students/6783a73f03e9e53f71e7b831"}
{"level":"info","message":"GET /api/v1/students"}
{"level":"info","message":"GET /api/v1/students"}
{"level":"info","message":"PUT /api/v1/students"}
{"level":"info","message":"GET /api/v1/students"}
{"level":"info","message":"GET /api/v1/students"}
{"level":"info","message":"GET /api/v1/students/6783ad1290e5109947f0a0e4"}
{"level":"info","message":"PUT /api/v1/students/6783ad1290e5109947f0a0e4"}
{"level":"info","message":"GET /api/v1/students"}
{"level":"info","message":"GET /api/v1/students"}
{"level":"info","message":"GET /api/v1/students/6783ad1290e5109947f0a0e4"}
{"level":"info","message":"PUT /api/v1/students/6783ad1290e5109947f0a0e4"}
{"level":"info","message":"GET /api/v1/students"}
{"level":"info","message":"GET /api/v1/students/6783ad1290e5109947f0a0e4"}
{"level":"info","message":"PUT /api/v1/students/6783ad1290e5109947f0a0e4"}
{"level":"info","message":"GET /api/v1/students"}
{"level":"info","message":"GET /api/v1/students"}
{"level":"info","message":"GET /api/v1/students/6783ad1290e5109947f0a0e4"}
{"level":"info","message":"PUT /api/v1/students/6783ad1290e5109947f0a0e4"}
{"level":"info","message":"GET /api/v1/students"}
{"level":"info","message":"PUT /api/v1/students/6783ad1290e5109947f0a0e4"}
{"level":"info","message":"GET /api/v1/students"}
{"level":"info","message":"GET /api/v1/students"}
{"level":"info","message":"PUT /api/v1/students"}
{"level":"info","message":"GET /api/v1/students"}
{"level":"info","message":"PUT /api/v1/students"}
{"level":"info","message":"GET /api/v1/students"}
{"level":"info","message":"GET /api/v1/students"}
{"level":"info","message":"GET /api/v1/students"}
{"level":"info","message":"PUT /api/v1/students"}
{"level":"info","message":"GET /api/v1/students"}
{"level":"info","message":"GET /api/v1/students"}
{"level":"info","message":"GET /api/v1/students/6783ad1290e5109947f0a0e4"}
{"level":"info","message":"PUT /api/v1/students/6783ad1290e5109947f0a0e4"}
{"level":"info","message":"GET /api/v1/students"}
{"level":"info","message":"PUT /api/v1/students/6783ad1290e5109947f0a0e4"}
{"level":"info","message":"GET /api/v1/students"}
{"level":"info","message":"GET /api/v1/students/6783ad3c90e5109947f0a0e6"}
{"level":"info","message":"PUT /api/v1/students/6783ad3c90e5109947f0a0e6"}
{"level":"info","message":"GET /api/v1/students"}
{"level":"info","message":"DELETE /api/v1/students/6783ad1290e5109947f0a0e4"}
{"level":"info","message":"GET /api/v1/students"}
{"level":"info","message":"DELETE /api/v1/students/6783ad3c90e5109947f0a0e6"}
{"level":"info","message":"GET /api/v1/students"}
{"level":"info","message":"PUT /api/v1/students/6783ad3c90e5109947f0a0e6"}
{"level":"info","message":"GET /api/v1/students"}
{"level":"info","message":"PUT /api/v1/students/6783ad3c90e5109947f0a0e6"}
{"level":"info","message":"GET /api/v1/students"}
{"level":"info","message":"PUT /api/v1/students/6783ad3c90e5109947f0a0e6"}
{"level":"info","message":"GET /api/v1/students"}
{"level":"info","message":"PUT /api/v1/students/6783ad3c90e5109947f0a0e6"}
{"level":"info","message":"GET /api/v1/students"}
{"level":"info","message":"PUT /api/v1/students/6783ad3c90e5109947f0a0e6"}
{"level":"info","message":"GET /api/v1/students"}
{"level":"info","message":"GET /api/v1/students"}
{"level":"info","message":"POST /api/v1/students"}
{"level":"info","message":"GET /api/v1/students"}
{"level":"info","message":"POST /api/v1/students"}
{"level":"info","message":"GET /api/v1/students"}
{"level":"info","message":"GET /api/v1/students/6783b16c20719389233c7738"}
{"level":"info","message":"PUT /api/v1/students/6783b16c20719389233c7738"}
{"level":"info","message":"GET /api/v1/students"}
{"level":"info","message":"POST /api/v1/students"}
{"level":"info","message":"GET /api/v1/students"}
{"level":"info","message":"POST /api/v1/students"}
{"level":"info","message":"GET /api/v1/students"}
{"level":"info","message":"GET /api/v1/students/6783b18820719389233c7744"}
{"level":"info","message":"PUT /api/v1/students/6783b18820719389233c7744"}
{"level":"info","message":"GET /api/v1/students"}
{"level":"info","message":"DELETE /api/v1/students/6783b18820719389233c7744"}
{"level":"info","message":"GET /api/v1/students"}
{"level":"info","message":"GET /api/v1/healthcheck"}
{"level":"info","message":"GET /api/v1/healthcheck"}
{"level":"info","message":"GET /api/v1/healthcheck"}
{"level":"info","message":"GET /api/v1/students"}
{"level":"info","message":"GET /api/v1/healthcheck"}
{"level":"info","message":"GET /api/v1/students"}
{"level":"info","message":"DELETE /api/v1/students/6783b17220719389233c773b"}
{"level":"info","message":"GET /api/v1/students"}
{"level":"info","message":"GET /api/v1/students/6783b16c20719389233c7738"}
{"level":"info","message":"PUT /api/v1/students/6783b16c20719389233c7738"}
{"level":"info","message":"GET /api/v1/students"}
{"level":"info","message":"GET /api/v1/students/6783b17c20719389233c7741"}
{"level":"info","message":"GET /api/v1/students/6783b17c20719389233c7741"}
{"level":"info","message":"PUT /api/v1/students/6783b17c20719389233c7741"}
{"level":"info","message":"GET /api/v1/students"}
{"level":"info","message":"POST /api/v1/students"}
{"level":"info","message":"GET /api/v1/students"}
{"level":"info","message":"GET /api/v1/students/6783b17c20719389233c7741"}
{"level":"info","message":"PUT /api/v1/students/6783b17c20719389233c7741"}
{"level":"info","message":"GET /api/v1/students"}
{"level":"info","message":"GET /api/v1/students"}
{"level":"info","message":"GET /api/v1/students"}
{"level":"info","message":"GET /api/v1/students"}
{"level":"info","message":"GET /api/v1/healthcheck"}
